### 08.10.2019 20:54:04
Array
(
    [login] => admin
    [name] => Клен
)



### 08.10.2019 20:55:40
index


### 08.10.2019 20:55:40
Array
(
    [login] => admin
    [name] => Клен
)



### 08.10.2019 20:55:40
index


### 08.10.2019 20:55:40
../templates/index.php


### 08.10.2019 20:55:40
../templates/menu.php


### 08.10.2019 20:55:40
../templates/layouts/main.php


### 08.10.2019 20:56:50
catalog


### 08.10.2019 20:56:50
catalog


### 08.10.2019 20:56:50
../templates/catalog.php


### 08.10.2019 20:56:50
../templates/menu.php


### 08.10.2019 20:56:50
../templates/layouts/main.php


