### 08.10.2019 20:54:04
Array
(
    [login] => admin
    [name] => Клен
)



### 08.10.2019 20:55:40
index


### 08.10.2019 20:55:40
Array
(
    [login] => admin
    [name] => Клен
)



### 08.10.2019 20:55:40
index


### 08.10.2019 20:55:40
../templates/index.php


### 08.10.2019 20:55:40
../templates/menu.php


### 08.10.2019 20:55:40
../templates/layouts/main.php


### 08.10.2019 20:56:50
catalog


### 08.10.2019 20:56:50
catalog


### 08.10.2019 20:56:50
../templates/catalog.php


### 08.10.2019 20:56:50
../templates/menu.php


### 08.10.2019 20:56:50
../templates/layouts/main.php


### 09.10.2019 19:18:02
index


### 09.10.2019 19:18:02
Array
(
    [login] => admin
    [name] => Клен
)



### 09.10.2019 19:18:02
index


### 09.10.2019 19:18:02
../templates/index.php


### 09.10.2019 19:18:02
../templates/menu.php


### 09.10.2019 19:18:02
../templates/layouts/main.php


### 09.10.2019 19:18:13
gallery


### 09.10.2019 19:18:13
gallery


### 09.10.2019 19:18:13
../templates/gallery.php


### 09.10.2019 19:18:13
../templates/menu.php


### 09.10.2019 19:18:13
../templates/layouts/main.php


### 09.10.2019 19:18:36
gallery


### 09.10.2019 19:18:36
gallery


### 09.10.2019 19:18:36
../templates/gallery.php


### 09.10.2019 19:18:36
../templates/menu.php


### 09.10.2019 19:18:36
../templates/layouts/main.php


### 09.10.2019 19:19:09
gallery


### 09.10.2019 19:19:09
gallery


### 09.10.2019 19:19:09
../templates/gallery.php


### 09.10.2019 19:19:09
../templates/menu.php


### 09.10.2019 19:19:09
../templates/layouts/main.php


### 09.10.2019 19:19:47
gallery


### 09.10.2019 19:19:47
gallery


### 09.10.2019 19:19:47
../templates/gallery.php


### 09.10.2019 19:19:47
../templates/menu.php


### 09.10.2019 19:19:47
../templates/layouts/main.php


### 09.10.2019 19:20:05
gallery


### 09.10.2019 19:20:05
gallery


### 09.10.2019 19:20:05
../templates/gallery.php


### 09.10.2019 19:20:05
../templates/menu.php


### 09.10.2019 19:20:05
../templates/layouts/main.php


### 09.10.2019 19:20:06
gallery


### 09.10.2019 19:20:06
gallery


### 09.10.2019 19:20:06
../templates/gallery.php


### 09.10.2019 19:20:06
../templates/menu.php


### 09.10.2019 19:20:06
../templates/layouts/main.php


### 09.10.2019 19:20:13
gallery


### 09.10.2019 19:20:13
gallery


### 09.10.2019 19:20:13
../templates/gallery.php


### 09.10.2019 19:20:13
../templates/menu.php


### 09.10.2019 19:20:13
../templates/layouts/main.php


### 09.10.2019 19:21:04
gallery


### 09.10.2019 19:21:04
gallery


### 09.10.2019 19:21:04
../templates/gallery.php


### 09.10.2019 19:21:04
../templates/menu.php


### 09.10.2019 19:21:04
../templates/layouts/main.php


### 09.10.2019 19:21:08
gallery


### 09.10.2019 19:21:08
gallery


### 09.10.2019 19:21:08
../templates/gallery.php


### 09.10.2019 19:21:08
../templates/menu.php


### 09.10.2019 19:21:08
../templates/layouts/main.php


### 09.10.2019 19:35:29
Array
(
    [login] => admin
    [name] => Клен
)



### 09.10.2019 19:35:29
index


### 09.10.2019 19:35:29
../templates/index.php


### 09.10.2019 19:35:29
../templates/menu.php


### 09.10.2019 19:35:29
../templates/layouts/main.php


### 09.10.2019 19:35:30
gallery


### 09.10.2019 19:35:30
../templates/gallery.php


### 09.10.2019 19:35:30
../templates/menu.php


### 09.10.2019 19:35:30
../templates/layouts/main.php


### 09.10.2019 19:36:52
gallery


### 09.10.2019 19:36:52
../templates/gallery.php


### 09.10.2019 19:36:52
../templates/menu.php


### 09.10.2019 19:36:52
../templates/layouts/main.php


### 09.10.2019 19:40:21
gallery


### 09.10.2019 19:40:21
../templates/gallery.php


### 09.10.2019 19:40:21
../templates/menu.php


### 09.10.2019 19:40:21
../templates/layouts/main.php


### 09.10.2019 19:42:07
gallery


### 09.10.2019 19:42:07
../templates/gallery.php


### 09.10.2019 19:42:07
../templates/menu.php


### 09.10.2019 19:42:07
../templates/layouts/main.php


### 09.10.2019 19:42:07
gallery


### 09.10.2019 19:42:07
../templates/gallery.php


### 09.10.2019 19:42:07
../templates/menu.php


### 09.10.2019 19:42:07
../templates/layouts/main.php


### 09.10.2019 19:42:08
gallery


### 09.10.2019 19:42:08
../templates/gallery.php


### 09.10.2019 19:42:08
../templates/menu.php


### 09.10.2019 19:42:08
../templates/layouts/main.php


### 09.10.2019 19:43:43
gallery


### 09.10.2019 19:43:43
../templates/gallery.php


### 09.10.2019 19:43:43
../templates/menu.php


### 09.10.2019 19:43:43
../templates/layouts/main.php


### 09.10.2019 19:43:49
catalog


### 09.10.2019 19:43:49
../templates/catalog.php


### 09.10.2019 19:43:49
../templates/menu.php


### 09.10.2019 19:43:49
../templates/layouts/main.php


### 09.10.2019 19:43:49
gallery


### 09.10.2019 19:43:49
../templates/gallery.php


### 09.10.2019 19:43:49
../templates/menu.php


### 09.10.2019 19:43:49
../templates/layouts/main.php


### 09.10.2019 19:46:32
gallery


### 09.10.2019 19:46:32
../templates/gallery.php


### 09.10.2019 19:46:32
../templates/menu.php


### 09.10.2019 19:46:32
../templates/layouts/main.php


### 09.10.2019 19:46:42
gallery


### 09.10.2019 19:46:42
../templates/gallery.php


### 09.10.2019 19:46:42
../templates/menu.php


### 09.10.2019 19:46:42
../templates/layouts/main.php


### 09.10.2019 19:47:06
gallery


### 09.10.2019 19:47:06
../templates/gallery.php


### 09.10.2019 19:47:06
../templates/menu.php


### 09.10.2019 19:47:06
../templates/layouts/main.php


### 09.10.2019 19:47:50
gallery


### 09.10.2019 19:47:50
../templates/gallery.php


### 09.10.2019 19:47:50
../templates/menu.php


### 09.10.2019 19:47:50
../templates/layouts/main.php


### 09.10.2019 19:47:50
gallery


### 09.10.2019 19:47:50
../templates/gallery.php


### 09.10.2019 19:47:50
../templates/menu.php


### 09.10.2019 19:47:50
../templates/layouts/main.php


### 09.10.2019 19:47:51
gallery


### 09.10.2019 19:47:51
../templates/gallery.php


### 09.10.2019 19:47:51
../templates/menu.php


### 09.10.2019 19:47:51
../templates/layouts/main.php


### 09.10.2019 19:47:51
gallery


### 09.10.2019 19:47:51
../templates/gallery.php


### 09.10.2019 19:47:51
../templates/menu.php


### 09.10.2019 19:47:51
../templates/layouts/main.php


### 09.10.2019 19:47:52
gallery


### 09.10.2019 19:47:52
../templates/gallery.php


### 09.10.2019 19:47:52
../templates/menu.php


### 09.10.2019 19:47:52
../templates/layouts/main.php


### 09.10.2019 19:49:06
gallery


### 09.10.2019 19:49:06
../templates/gallery.php


### 09.10.2019 19:49:06
../templates/menu.php


### 09.10.2019 19:49:06
../templates/layouts/main.php


### 09.10.2019 19:49:07
gallery


### 09.10.2019 19:49:07
../templates/gallery.php


### 09.10.2019 19:49:07
../templates/menu.php


### 09.10.2019 19:49:07
../templates/layouts/main.php


### 09.10.2019 19:49:07
gallery


### 09.10.2019 19:49:07
../templates/gallery.php


### 09.10.2019 19:49:07
../templates/menu.php


### 09.10.2019 19:49:07
../templates/layouts/main.php


### 09.10.2019 19:49:07
gallery


### 09.10.2019 19:49:07
../templates/gallery.php


### 09.10.2019 19:49:07
../templates/menu.php


### 09.10.2019 19:49:07
../templates/layouts/main.php


### 09.10.2019 19:49:17
gallery


### 09.10.2019 19:49:17
../templates/gallery.php


### 09.10.2019 19:49:17
../templates/menu.php


### 09.10.2019 19:49:17
../templates/layouts/main.php


### 09.10.2019 19:49:17
gallery


### 09.10.2019 19:49:17
../templates/gallery.php


### 09.10.2019 19:49:17
../templates/menu.php


### 09.10.2019 19:49:17
../templates/layouts/main.php


### 09.10.2019 19:49:18
gallery


### 09.10.2019 19:49:18
../templates/gallery.php


### 09.10.2019 19:49:18
../templates/menu.php


### 09.10.2019 19:49:18
../templates/layouts/main.php


### 09.10.2019 19:49:18
gallery


### 09.10.2019 19:49:18
../templates/gallery.php


### 09.10.2019 19:49:18
../templates/menu.php


### 09.10.2019 19:49:18
../templates/layouts/main.php


### 09.10.2019 19:49:18
gallery


### 09.10.2019 19:49:18
../templates/gallery.php


### 09.10.2019 19:49:18
../templates/menu.php


### 09.10.2019 19:49:18
../templates/layouts/main.php


### 09.10.2019 19:49:19
gallery


### 09.10.2019 19:49:19
../templates/gallery.php


### 09.10.2019 19:49:19
../templates/menu.php


### 09.10.2019 19:49:19
../templates/layouts/main.php


### 09.10.2019 19:49:19
gallery


### 09.10.2019 19:49:19
../templates/gallery.php


### 09.10.2019 19:49:19
../templates/menu.php


### 09.10.2019 19:49:19
../templates/layouts/main.php


### 09.10.2019 19:49:20
gallery


### 09.10.2019 19:49:20
../templates/gallery.php


### 09.10.2019 19:49:20
../templates/menu.php


### 09.10.2019 19:49:20
../templates/layouts/main.php


### 09.10.2019 19:49:20
gallery


### 09.10.2019 19:49:20
../templates/gallery.php


### 09.10.2019 19:49:20
../templates/menu.php


### 09.10.2019 19:49:20
../templates/layouts/main.php


### 09.10.2019 19:50:05
gallery


### 09.10.2019 19:50:05
../templates/gallery.php


### 09.10.2019 19:50:05
../templates/menu.php


### 09.10.2019 19:50:05
../templates/layouts/main.php


### 09.10.2019 19:50:05
gallery


### 09.10.2019 19:50:05
../templates/gallery.php


### 09.10.2019 19:50:05
../templates/menu.php


### 09.10.2019 19:50:05
../templates/layouts/main.php


### 09.10.2019 19:50:06
gallery


### 09.10.2019 19:50:06
../templates/gallery.php


### 09.10.2019 19:50:06
../templates/menu.php


### 09.10.2019 19:50:06
../templates/layouts/main.php


